2025-03-28 22:05:44,057 - INFO - Crew Alice Carter initialized at (1, 0, 0) with Health=85, Mood=75
2025-03-28 22:05:44,057 - INFO - Crew Bob Nguyen initialized at (1, 0, 0) with Health=90, Mood=80
2025-03-28 22:05:44,142 - INFO - calling model.step for timestep 1 
2025-03-28 22:05:44,142 - INFO - Alice Carter assigned task: Treat Injured Crew at (2, 5, 5)
2025-03-28 22:05:44,142 - INFO - Alice Carter moved to (2, 0, 0) toward Treat Injured Crew
2025-03-28 22:05:44,142 - INFO - Alice Carter status: Health=85, Mood=73, Performance=100
2025-03-28 22:05:44,142 - INFO - Bob Nguyen assigned task: Recalibrate Navigation at (1, 0, 0)
2025-03-28 22:05:44,142 - INFO - Bob Nguyen status: Health=90, Mood=81, Performance=100
2025-03-28 22:05:45,143 - INFO - calling model.step for timestep 2 
2025-03-28 22:05:45,143 - INFO - Bob Nguyen status: Health=90, Mood=82, Performance=100
2025-03-28 22:05:45,144 - INFO - Alice Carter moved to (2, 1, 0) toward Treat Injured Crew
2025-03-28 22:05:45,144 - INFO - Alice Carter status: Health=85, Mood=71, Performance=100
2025-03-28 22:05:46,144 - INFO - calling model.step for timestep 3 
2025-03-28 22:05:46,144 - INFO - Bob Nguyen status: Health=90, Mood=83, Performance=100
2025-03-28 22:05:46,144 - INFO - Alice Carter moved to (2, 2, 0) toward Treat Injured Crew
2025-03-28 22:05:46,144 - INFO - Alice Carter status: Health=85, Mood=69, Performance=100
2025-03-28 22:05:47,145 - INFO - calling model.step for timestep 4 
2025-03-28 22:05:47,145 - INFO - Alice Carter moved to (2, 3, 0) toward Treat Injured Crew
2025-03-28 22:05:47,145 - INFO - Alice Carter status: Health=85, Mood=67, Performance=100
2025-03-28 22:05:47,145 - INFO - Bob Nguyen status: Health=90, Mood=84, Performance=100
2025-03-28 22:05:48,147 - INFO - calling model.step for timestep 5 
2025-03-28 22:05:48,147 - INFO - Bob Nguyen status: Health=90, Mood=85, Performance=100
2025-03-28 22:05:48,147 - INFO - Alice Carter moved to (2, 4, 0) toward Treat Injured Crew
2025-03-28 22:05:48,147 - INFO - Alice Carter status: Health=85, Mood=65, Performance=100
2025-03-28 22:05:49,148 - INFO - calling model.step for timestep 6 
2025-03-28 22:05:49,149 - INFO - Alice Carter moved to (2, 5, 0) toward Treat Injured Crew
2025-03-28 22:05:49,149 - INFO - Alice Carter status: Health=85, Mood=63, Performance=100
2025-03-28 22:05:49,149 - INFO - Bob Nguyen status: Health=90, Mood=86, Performance=100
2025-03-28 22:05:50,150 - INFO - calling model.step for timestep 7 
2025-03-28 22:05:50,150 - INFO - Bob Nguyen status: Health=90, Mood=87, Performance=100
2025-03-28 22:05:50,150 - INFO - Alice Carter moved to (2, 5, 1) toward Treat Injured Crew
2025-03-28 22:05:50,150 - INFO - Alice Carter status: Health=85, Mood=61, Performance=100
2025-03-28 22:05:51,151 - INFO - calling model.step for timestep 8 
2025-03-28 22:05:51,151 - INFO - Alice Carter moved to (2, 5, 2) toward Treat Injured Crew
2025-03-28 22:05:51,151 - INFO - Alice Carter status: Health=85, Mood=59, Performance=100
2025-03-28 22:05:51,151 - INFO - Bob Nguyen status: Health=90, Mood=88, Performance=100
2025-03-28 22:05:52,152 - INFO - calling model.step for timestep 9 
2025-03-28 22:05:52,153 - INFO - Alice Carter moved to (2, 5, 3) toward Treat Injured Crew
2025-03-28 22:05:52,161 - INFO - Alice Carter status: Health=85, Mood=57, Performance=100
2025-03-28 22:05:52,161 - INFO - Bob Nguyen status: Health=90, Mood=89, Performance=100
2025-03-28 22:05:53,162 - INFO - calling model.step for timestep 10 
2025-03-28 22:05:53,162 - INFO - Bob Nguyen status: Health=90, Mood=90, Performance=100
2025-03-28 22:05:53,163 - INFO - Alice Carter moved to (2, 5, 4) toward Treat Injured Crew
2025-03-28 22:05:53,163 - INFO - Alice Carter status: Health=85, Mood=55, Performance=100
2025-03-28 22:05:54,164 - INFO - calling model.step for timestep 11 
2025-03-28 22:05:54,164 - INFO - Bob Nguyen status: Health=90, Mood=91, Performance=100
2025-03-28 22:05:54,164 - INFO - Alice Carter moved to (2, 5, 5) toward Treat Injured Crew
2025-03-28 22:05:54,164 - INFO - Alice Carter status: Health=85, Mood=53, Performance=100
2025-03-28 22:05:55,165 - INFO - calling model.step for timestep 12 
2025-03-28 22:05:55,166 - INFO - Bob Nguyen status: Health=90, Mood=92, Performance=100
2025-03-28 22:05:55,166 - INFO - Alice Carter status: Health=85, Mood=51, Performance=100
2025-03-28 22:05:56,167 - INFO - calling model.step for timestep 13 
2025-03-28 22:05:56,167 - INFO - Alice Carter status: Health=85, Mood=49, Performance=100
2025-03-28 22:05:56,167 - INFO - Bob Nguyen status: Health=90, Mood=93, Performance=100
2025-03-28 22:05:57,168 - INFO - calling model.step for timestep 14 
2025-03-28 22:05:57,168 - INFO - Alice Carter status: Health=85, Mood=47, Performance=100
2025-03-28 22:05:57,168 - INFO - Bob Nguyen status: Health=90, Mood=94, Performance=100
2025-03-28 22:05:58,169 - INFO - calling model.step for timestep 15 
2025-03-28 22:05:58,170 - INFO - Bob Nguyen status: Health=90, Mood=95, Performance=100
2025-03-28 22:05:58,170 - INFO - Alice Carter status: Health=85, Mood=45, Performance=100
2025-03-28 22:05:59,171 - INFO - calling model.step for timestep 16 
2025-03-28 22:05:59,171 - INFO - Bob Nguyen status: Health=90, Mood=96, Performance=100
2025-03-28 22:05:59,171 - INFO - Alice Carter status: Health=84, Mood=43, Performance=100
2025-03-28 22:06:00,172 - INFO - calling model.step for timestep 17 
2025-03-28 22:06:00,172 - INFO - Alice Carter status: Health=84, Mood=41, Performance=100
2025-03-28 22:06:00,172 - INFO - Bob Nguyen status: Health=90, Mood=97, Performance=100
2025-03-28 22:06:01,173 - INFO - calling model.step for timestep 18 
2025-03-28 22:06:01,173 - INFO - Alice Carter status: Health=84, Mood=39, Performance=100
2025-03-28 22:06:01,173 - INFO - Bob Nguyen status: Health=90, Mood=98, Performance=100
2025-03-28 22:06:02,174 - INFO - calling model.step for timestep 19 
2025-03-28 22:06:02,174 - INFO - Bob Nguyen status: Health=90, Mood=99, Performance=100
2025-03-28 22:06:02,175 - INFO - Alice Carter status: Health=83, Mood=37, Performance=100
2025-03-28 22:06:03,176 - INFO - calling model.step for timestep 20 
2025-03-28 22:06:03,176 - INFO - Alice Carter status: Health=83, Mood=35, Performance=100
2025-03-28 22:06:03,176 - INFO - Bob Nguyen status: Health=90, Mood=100, Performance=100
2025-03-28 22:06:04,177 - INFO - calling model.step for timestep 21 
2025-03-28 22:06:04,177 - INFO - Bob Nguyen status: Health=90, Mood=100, Performance=100
2025-03-28 22:06:04,177 - INFO - Alice Carter status: Health=83, Mood=33, Performance=99
2025-03-28 22:06:05,178 - INFO - calling model.step for timestep 22 
2025-03-28 22:06:05,178 - INFO - Bob Nguyen status: Health=90, Mood=100, Performance=100
2025-03-28 22:06:05,179 - INFO - Alice Carter status: Health=83, Mood=31, Performance=98
2025-03-28 22:06:06,179 - INFO - calling model.step for timestep 23 
2025-03-28 22:06:06,180 - INFO - Bob Nguyen status: Health=90, Mood=100, Performance=100
2025-03-28 22:06:06,180 - INFO - Alice Carter status: Health=83, Mood=29, Performance=97
2025-03-28 22:06:07,181 - INFO - calling model.step for timestep 24 
2025-03-28 22:06:07,181 - INFO - Alice Carter status: Health=82, Mood=27, Performance=95
2025-03-28 22:06:07,181 - INFO - Bob Nguyen status: Health=90, Mood=100, Performance=100
2025-03-28 22:06:08,182 - INFO - calling model.step for timestep 25 
2025-03-28 22:06:08,182 - INFO - Alice Carter status: Health=81, Mood=25, Performance=93
2025-03-28 22:06:08,191 - INFO - Bob Nguyen status: Health=90, Mood=100, Performance=100
2025-03-28 22:06:09,192 - INFO - calling model.step for timestep 26 
2025-03-28 22:06:09,193 - INFO - Bob Nguyen status: Health=90, Mood=100, Performance=100
2025-03-28 22:06:09,193 - INFO - Alice Carter status: Health=81, Mood=23, Performance=92
2025-03-28 22:06:10,193 - INFO - calling model.step for timestep 27 
2025-03-28 22:06:10,194 - INFO - Alice Carter status: Health=81, Mood=21, Performance=91
2025-03-28 22:06:10,194 - INFO - Bob Nguyen status: Health=90, Mood=100, Performance=100
2025-03-28 22:06:11,195 - INFO - calling model.step for timestep 28 
2025-03-28 22:06:11,195 - INFO - Alice Carter status: Health=81, Mood=19, Performance=90
2025-03-28 22:06:11,195 - INFO - Bob Nguyen status: Health=90, Mood=100, Performance=100
2025-03-28 22:06:12,196 - INFO - calling model.step for timestep 29 
2025-03-28 22:06:12,196 - INFO - Alice Carter status: Health=81, Mood=17, Performance=89
2025-03-28 22:06:12,197 - INFO - Bob Nguyen status: Health=90, Mood=100, Performance=100
2025-03-28 22:06:13,197 - INFO - calling model.step for timestep 30 
2025-03-28 22:06:13,198 - INFO - Bob Nguyen status: Health=90, Mood=100, Performance=100
2025-03-28 22:06:13,198 - INFO - Alice Carter status: Health=80, Mood=15, Performance=87
2025-03-28 22:06:14,198 - INFO - calling model.step for timestep 31 
2025-03-28 22:06:14,199 - INFO - Alice Carter status: Health=80, Mood=13, Performance=86
2025-03-28 22:06:14,199 - INFO - Bob Nguyen status: Health=90, Mood=100, Performance=100
2025-03-28 22:06:15,199 - INFO - calling model.step for timestep 32 
2025-03-28 22:06:15,200 - INFO - Bob Nguyen status: Health=90, Mood=100, Performance=100
2025-03-28 22:06:15,200 - INFO - Alice Carter status: Health=79, Mood=11, Performance=84
2025-03-28 22:06:16,200 - INFO - calling model.step for timestep 33 
2025-03-28 22:06:16,201 - INFO - Alice Carter status: Health=78, Mood=9, Performance=82
2025-03-28 22:06:16,201 - INFO - Bob Nguyen status: Health=90, Mood=100, Performance=100
2025-03-28 22:06:17,202 - INFO - calling model.step for timestep 34 
2025-03-28 22:06:17,202 - INFO - Bob Nguyen status: Health=90, Mood=100, Performance=100
2025-03-28 22:06:17,202 - INFO - Alice Carter status: Health=78, Mood=7, Performance=81
2025-03-28 22:06:18,203 - INFO - calling model.step for timestep 35 
2025-03-28 22:06:18,203 - INFO - Bob Nguyen status: Health=90, Mood=100, Performance=100
2025-03-28 22:06:18,203 - INFO - Alice Carter status: Health=78, Mood=5, Performance=80
2025-03-28 22:06:19,204 - INFO - calling model.step for timestep 36 
2025-03-28 22:06:19,205 - INFO - Bob Nguyen status: Health=90, Mood=100, Performance=100
2025-03-28 22:06:19,205 - INFO - Alice Carter status: Health=78, Mood=3, Performance=79
2025-03-28 22:06:20,205 - INFO - calling model.step for timestep 37 
2025-03-28 22:06:20,206 - INFO - Alice Carter status: Health=78, Mood=1, Performance=78
2025-03-28 22:06:20,206 - INFO - Bob Nguyen status: Health=90, Mood=100, Performance=100
2025-03-28 22:06:21,207 - INFO - calling model.step for timestep 38 
2025-03-28 22:06:21,207 - INFO - Bob Nguyen status: Health=90, Mood=100, Performance=100
2025-03-28 22:06:21,207 - INFO - Alice Carter status: Health=78, Mood=0, Performance=78
2025-03-28 22:06:22,207 - INFO - calling model.step for timestep 39 
2025-03-28 22:06:22,208 - INFO - Bob Nguyen status: Health=90, Mood=100, Performance=100
2025-03-28 22:06:22,208 - INFO - Alice Carter status: Health=78, Mood=0, Performance=78
2025-03-28 22:06:23,209 - INFO - calling model.step for timestep 40 
2025-03-28 22:06:23,209 - INFO - Alice Carter status: Health=78, Mood=0, Performance=78
2025-03-28 22:06:23,209 - INFO - Bob Nguyen status: Health=90, Mood=100, Performance=100
2025-03-28 22:06:24,210 - INFO - calling model.step for timestep 41 
2025-03-28 22:06:24,210 - INFO - Bob Nguyen status: Health=90, Mood=100, Performance=100
2025-03-28 22:06:24,210 - INFO - Alice Carter status: Health=78, Mood=0, Performance=78
2025-03-28 22:06:25,211 - INFO - calling model.step for timestep 42 
2025-03-28 22:06:25,211 - INFO - Alice Carter status: Health=78, Mood=0, Performance=78
2025-03-28 22:06:25,211 - INFO - Bob Nguyen status: Health=90, Mood=100, Performance=100
2025-03-28 22:06:26,211 - INFO - calling model.step for timestep 43 
2025-03-28 22:06:26,211 - INFO - Bob Nguyen status: Health=90, Mood=100, Performance=100
2025-03-28 22:06:26,212 - INFO - Alice Carter status: Health=78, Mood=0, Performance=78
2025-03-28 22:06:27,212 - INFO - calling model.step for timestep 44 
2025-03-28 22:06:27,212 - INFO - Alice Carter status: Health=77, Mood=0, Performance=77
2025-03-28 22:06:27,212 - INFO - Bob Nguyen status: Health=90, Mood=100, Performance=100
2025-03-28 22:06:28,213 - INFO - calling model.step for timestep 45 
2025-03-28 22:06:28,213 - INFO - Alice Carter status: Health=77, Mood=0, Performance=77
2025-03-28 22:06:28,213 - INFO - Bob Nguyen status: Health=90, Mood=100, Performance=100
2025-03-28 22:06:29,214 - INFO - calling model.step for timestep 46 
2025-03-28 22:06:29,214 - INFO - Bob Nguyen status: Health=90, Mood=100, Performance=100
2025-03-28 22:06:29,214 - INFO - Alice Carter status: Health=77, Mood=0, Performance=77
2025-03-28 22:06:30,215 - INFO - calling model.step for timestep 47 
2025-03-28 22:06:30,216 - INFO - Bob Nguyen status: Health=90, Mood=100, Performance=100
2025-03-28 22:06:30,216 - INFO - Alice Carter status: Health=77, Mood=0, Performance=77
2025-03-28 22:06:31,217 - INFO - calling model.step for timestep 48 
2025-03-28 22:06:31,217 - INFO - Alice Carter status: Health=77, Mood=0, Performance=77
2025-03-28 22:06:31,217 - INFO - Bob Nguyen status: Health=90, Mood=100, Performance=100
2025-03-28 22:06:32,218 - INFO - calling model.step for timestep 49 
2025-03-28 22:06:32,218 - INFO - Alice Carter status: Health=77, Mood=0, Performance=77
2025-03-28 22:06:32,218 - INFO - Bob Nguyen status: Health=90, Mood=100, Performance=100
2025-03-28 22:06:33,219 - INFO - calling model.step for timestep 50 
2025-03-28 22:06:33,220 - INFO - Bob Nguyen status: Health=90, Mood=100, Performance=100
2025-03-28 22:06:33,220 - INFO - Alice Carter status: Health=77, Mood=0, Performance=77
2025-03-28 22:06:34,221 - INFO - calling model.step for timestep 51 
2025-03-28 22:06:34,221 - INFO - Bob Nguyen status: Health=90, Mood=100, Performance=100
2025-03-28 22:06:34,229 - INFO - Alice Carter status: Health=77, Mood=0, Performance=77
2025-03-28 22:06:35,230 - INFO - calling model.step for timestep 52 
2025-03-28 22:06:35,230 - INFO - Alice Carter status: Health=77, Mood=0, Performance=77
2025-03-28 22:06:35,230 - INFO - Bob Nguyen status: Health=90, Mood=100, Performance=100
2025-03-28 22:06:36,231 - INFO - calling model.step for timestep 53 
2025-03-28 22:06:36,231 - INFO - Alice Carter status: Health=77, Mood=0, Performance=77
2025-03-28 22:06:36,231 - INFO - Bob Nguyen status: Health=90, Mood=100, Performance=100
2025-03-28 22:06:37,232 - INFO - calling model.step for timestep 54 
2025-03-28 22:06:37,232 - INFO - Bob Nguyen status: Health=90, Mood=100, Performance=100
2025-03-28 22:06:37,232 - INFO - Alice Carter status: Health=77, Mood=0, Performance=77
2025-03-28 22:06:38,233 - INFO - calling model.step for timestep 55 
2025-03-28 22:06:38,233 - INFO - Alice Carter status: Health=77, Mood=0, Performance=77
2025-03-28 22:06:38,234 - INFO - Bob Nguyen status: Health=90, Mood=100, Performance=100
2025-03-28 22:06:39,234 - INFO - calling model.step for timestep 56 
2025-03-28 22:06:39,235 - INFO - Alice Carter status: Health=77, Mood=0, Performance=77
2025-03-28 22:06:39,235 - INFO - Bob Nguyen status: Health=90, Mood=100, Performance=100
2025-03-28 22:06:40,236 - INFO - calling model.step for timestep 57 
2025-03-28 22:06:40,236 - INFO - Bob Nguyen status: Health=90, Mood=100, Performance=100
2025-03-28 22:06:40,236 - INFO - Alice Carter status: Health=77, Mood=0, Performance=77
2025-03-28 22:11:40,047 - INFO - Crew Alice Carter initialized at (1, 0, 0) with Health=85, Mood=75
2025-03-28 22:11:40,047 - INFO - Crew Bob Nguyen initialized at (1, 0, 0) with Health=90, Mood=80
2025-03-28 22:11:40,129 - INFO - calling model.step for timestep 1 
2025-03-28 22:11:40,129 - INFO - Alice Carter assigned task: Intruder Alert at (2, 5, 5)
2025-03-28 22:11:40,129 - INFO - Alice Carter moved to (2, 0, 0) toward Intruder Alert
2025-03-28 22:11:40,129 - INFO - Alice Carter morale boosted by 0 from 0 nearby crew
2025-03-28 22:11:40,129 - INFO - Bob Nguyen assigned task: Routine Maintenance at (2, 5, 6)
2025-03-28 22:11:40,130 - INFO - Bob Nguyen moved to (2, 0, 0) toward Routine Maintenance
2025-03-28 22:11:40,130 - INFO - Bob Nguyen morale boosted by 1 from 1 nearby crew
2025-03-28 22:11:41,131 - INFO - calling model.step for timestep 2 
2025-03-28 22:11:41,131 - INFO - Alice Carter moved to (2, 1, 0) toward Intruder Alert
2025-03-28 22:11:41,131 - INFO - Alice Carter morale boosted by 1 from 1 nearby crew
2025-03-28 22:11:41,132 - INFO - Bob Nguyen moved to (2, 1, 0) toward Routine Maintenance
2025-03-28 22:11:41,132 - INFO - Bob Nguyen morale boosted by 1 from 1 nearby crew
2025-03-28 22:11:42,132 - INFO - calling model.step for timestep 3 
2025-03-28 22:11:42,133 - INFO - Bob Nguyen moved to (2, 2, 0) toward Routine Maintenance
2025-03-28 22:11:42,133 - INFO - Bob Nguyen morale boosted by 1 from 1 nearby crew
2025-03-28 22:11:42,133 - INFO - Alice Carter moved to (2, 2, 0) toward Intruder Alert
2025-03-28 22:11:42,133 - INFO - Alice Carter morale boosted by 1 from 1 nearby crew
2025-03-28 22:11:43,134 - INFO - calling model.step for timestep 4 
2025-03-28 22:11:43,134 - INFO - Bob Nguyen moved to (2, 3, 0) toward Routine Maintenance
2025-03-28 22:11:43,134 - INFO - Bob Nguyen morale boosted by 1 from 1 nearby crew
2025-03-28 22:11:43,134 - INFO - Alice Carter moved to (2, 3, 0) toward Intruder Alert
2025-03-28 22:11:43,134 - INFO - Alice Carter morale boosted by 1 from 1 nearby crew
2025-03-28 22:11:44,135 - INFO - calling model.step for timestep 5 
2025-03-28 22:11:44,135 - INFO - Alice Carter moved to (2, 4, 0) toward Intruder Alert
2025-03-28 22:11:44,135 - INFO - Alice Carter morale boosted by 1 from 1 nearby crew
2025-03-28 22:11:44,135 - INFO - Bob Nguyen moved to (2, 4, 0) toward Routine Maintenance
2025-03-28 22:11:44,135 - INFO - Bob Nguyen morale boosted by 1 from 1 nearby crew
2025-03-28 22:11:45,136 - INFO - calling model.step for timestep 6 
2025-03-28 22:11:45,136 - INFO - Alice Carter moved to (2, 5, 0) toward Intruder Alert
2025-03-28 22:11:45,136 - INFO - Alice Carter morale boosted by 1 from 1 nearby crew
2025-03-28 22:11:45,136 - INFO - Bob Nguyen moved to (2, 5, 0) toward Routine Maintenance
2025-03-28 22:11:45,136 - INFO - Bob Nguyen morale boosted by 1 from 1 nearby crew
2025-03-28 22:11:46,137 - INFO - calling model.step for timestep 7 
2025-03-28 22:11:46,137 - INFO - Bob Nguyen moved to (2, 5, 1) toward Routine Maintenance
2025-03-28 22:11:46,137 - INFO - Bob Nguyen morale boosted by 1 from 1 nearby crew
2025-03-28 22:11:46,137 - INFO - Alice Carter moved to (2, 5, 1) toward Intruder Alert
2025-03-28 22:11:46,137 - INFO - Alice Carter morale boosted by 1 from 1 nearby crew
2025-03-28 22:11:47,138 - INFO - calling model.step for timestep 8 
2025-03-28 22:11:47,138 - INFO - Bob Nguyen moved to (2, 5, 2) toward Routine Maintenance
2025-03-28 22:11:47,138 - INFO - Bob Nguyen morale boosted by 1 from 1 nearby crew
2025-03-28 22:11:47,138 - INFO - Alice Carter moved to (2, 5, 2) toward Intruder Alert
2025-03-28 22:11:47,139 - INFO - Alice Carter morale boosted by 1 from 1 nearby crew
2025-03-28 22:11:48,139 - INFO - calling model.step for timestep 9 
2025-03-28 22:11:48,140 - INFO - Alice Carter moved to (2, 5, 3) toward Intruder Alert
2025-03-28 22:11:48,140 - INFO - Alice Carter morale boosted by 1 from 1 nearby crew
2025-03-28 22:11:48,140 - INFO - Bob Nguyen moved to (2, 5, 3) toward Routine Maintenance
2025-03-28 22:11:48,140 - INFO - Bob Nguyen morale boosted by 1 from 1 nearby crew
2025-03-28 22:11:49,141 - INFO - calling model.step for timestep 10 
2025-03-28 22:11:49,141 - INFO - Bob Nguyen moved to (2, 5, 4) toward Routine Maintenance
2025-03-28 22:11:49,142 - INFO - Bob Nguyen morale boosted by 1 from 1 nearby crew
2025-03-28 22:11:49,142 - INFO - Alice Carter moved to (2, 5, 4) toward Intruder Alert
2025-03-28 22:11:49,142 - INFO - Alice Carter morale boosted by 1 from 1 nearby crew
2025-03-28 22:11:50,143 - INFO - calling model.step for timestep 11 
2025-03-28 22:11:50,143 - INFO - Alice Carter moved to (2, 5, 5) toward Intruder Alert
2025-03-28 22:11:50,143 - INFO - Alice Carter morale boosted by 1 from 1 nearby crew
2025-03-28 22:11:50,143 - INFO - Bob Nguyen moved to (2, 5, 5) toward Routine Maintenance
2025-03-28 22:11:50,143 - INFO - Bob Nguyen morale boosted by 1 from 1 nearby crew
2025-03-28 22:11:51,144 - INFO - calling model.step for timestep 12 
2025-03-28 22:11:51,144 - INFO - Alice Carter morale boosted by 1 from 1 nearby crew
2025-03-28 22:11:51,153 - INFO - Bob Nguyen moved to (2, 5, 6) toward Routine Maintenance
2025-03-28 22:11:51,153 - INFO - Bob Nguyen morale boosted by 1 from 1 nearby crew
2025-03-28 22:11:52,153 - INFO - calling model.step for timestep 13 
2025-03-28 22:11:52,154 - INFO - Alice Carter morale boosted by 1 from 1 nearby crew
2025-03-28 22:11:52,154 - INFO - Bob Nguyen morale boosted by 1 from 1 nearby crew
2025-03-28 22:11:53,154 - INFO - calling model.step for timestep 14 
2025-03-28 22:11:53,155 - INFO - Alice Carter morale boosted by 1 from 1 nearby crew
2025-03-28 22:11:53,155 - INFO - Bob Nguyen morale boosted by 1 from 1 nearby crew
2025-03-28 22:11:54,155 - INFO - calling model.step for timestep 15 
2025-03-28 22:11:54,156 - INFO - Bob Nguyen morale boosted by 1 from 1 nearby crew
2025-03-28 22:11:54,156 - INFO - Alice Carter morale boosted by 1 from 1 nearby crew
2025-03-28 22:11:55,156 - INFO - calling model.step for timestep 16 
2025-03-28 22:11:55,157 - INFO - Alice Carter morale boosted by 1 from 1 nearby crew
2025-03-28 22:11:55,157 - INFO - Bob Nguyen morale boosted by 1 from 1 nearby crew
2025-03-28 22:11:56,158 - INFO - calling model.step for timestep 17 
2025-03-28 22:11:56,158 - INFO - Alice Carter morale boosted by 1 from 1 nearby crew
2025-03-28 22:11:56,158 - INFO - Bob Nguyen morale boosted by 1 from 1 nearby crew
2025-03-28 22:11:57,159 - INFO - calling model.step for timestep 18 
2025-03-28 22:11:57,159 - INFO - Alice Carter morale boosted by 1 from 1 nearby crew
2025-03-28 22:11:57,159 - INFO - Bob Nguyen morale boosted by 1 from 1 nearby crew
2025-03-28 22:11:58,160 - INFO - calling model.step for timestep 19 
2025-03-28 22:11:58,160 - INFO - Alice Carter morale boosted by 1 from 1 nearby crew
2025-03-28 22:11:58,161 - INFO - Bob Nguyen morale boosted by 1 from 1 nearby crew
2025-03-28 22:11:59,162 - INFO - calling model.step for timestep 20 
2025-03-28 22:11:59,162 - INFO - Bob Nguyen morale boosted by 1 from 1 nearby crew
2025-03-28 22:11:59,162 - INFO - Alice Carter morale boosted by 1 from 1 nearby crew
2025-03-28 22:12:00,163 - INFO - calling model.step for timestep 21 
2025-03-28 22:12:00,163 - INFO - Alice Carter morale boosted by 1 from 1 nearby crew
2025-03-28 22:12:00,164 - INFO - Bob Nguyen morale boosted by 1 from 1 nearby crew
2025-03-28 22:12:01,165 - INFO - calling model.step for timestep 22 
2025-03-28 22:12:01,165 - INFO - Alice Carter morale boosted by 1 from 1 nearby crew
2025-03-28 22:12:01,173 - INFO - Bob Nguyen morale boosted by 1 from 1 nearby crew
2025-03-28 22:12:02,174 - INFO - calling model.step for timestep 23 
2025-03-28 22:12:02,174 - INFO - Alice Carter morale boosted by 1 from 1 nearby crew
2025-03-28 22:12:02,174 - INFO - Bob Nguyen morale boosted by 1 from 1 nearby crew
2025-03-28 22:12:03,175 - INFO - calling model.step for timestep 24 
2025-03-28 22:12:03,175 - INFO - Alice Carter morale boosted by 1 from 1 nearby crew
2025-03-28 22:12:03,176 - INFO - Bob Nguyen morale boosted by 1 from 1 nearby crew
2025-03-28 22:12:04,176 - INFO - calling model.step for timestep 25 
2025-03-28 22:12:04,176 - INFO - Alice Carter morale boosted by 1 from 1 nearby crew
2025-03-28 22:12:04,177 - INFO - Bob Nguyen morale boosted by 1 from 1 nearby crew
2025-03-28 22:12:05,177 - INFO - calling model.step for timestep 26 
2025-03-28 22:12:05,177 - INFO - Bob Nguyen morale boosted by 1 from 1 nearby crew
2025-03-28 22:12:05,178 - INFO - Alice Carter morale boosted by 1 from 1 nearby crew
2025-03-28 22:12:06,178 - INFO - calling model.step for timestep 27 
2025-03-28 22:12:06,178 - INFO - Bob Nguyen morale boosted by 1 from 1 nearby crew
2025-03-28 22:12:06,179 - INFO - Alice Carter morale boosted by 1 from 1 nearby crew
2025-03-28 22:12:07,179 - INFO - calling model.step for timestep 28 
2025-03-28 22:12:07,180 - INFO - Alice Carter morale boosted by 1 from 1 nearby crew
2025-03-28 22:12:07,180 - INFO - Bob Nguyen morale boosted by 1 from 1 nearby crew
2025-03-28 22:12:08,181 - INFO - calling model.step for timestep 29 
2025-03-28 22:12:08,181 - INFO - Alice Carter morale boosted by 1 from 1 nearby crew
2025-03-28 22:12:08,182 - INFO - Bob Nguyen morale boosted by 1 from 1 nearby crew
2025-03-28 22:12:09,182 - INFO - calling model.step for timestep 30 
2025-03-28 22:12:09,182 - INFO - Bob Nguyen morale boosted by 1 from 1 nearby crew
2025-03-28 22:12:09,182 - INFO - Alice Carter morale boosted by 1 from 1 nearby crew
2025-03-28 22:12:10,183 - INFO - calling model.step for timestep 31 
2025-03-28 22:12:10,184 - INFO - Alice Carter morale boosted by 1 from 1 nearby crew
2025-03-28 22:12:10,184 - INFO - Bob Nguyen morale boosted by 1 from 1 nearby crew
2025-03-28 22:12:11,185 - INFO - calling model.step for timestep 32 
2025-03-28 22:12:11,185 - INFO - Alice Carter morale boosted by 1 from 1 nearby crew
2025-03-28 22:12:11,185 - INFO - Bob Nguyen morale boosted by 1 from 1 nearby crew
2025-03-28 22:12:12,186 - INFO - calling model.step for timestep 33 
2025-03-28 22:12:12,186 - INFO - Alice Carter morale boosted by 1 from 1 nearby crew
2025-03-28 22:12:12,186 - INFO - Bob Nguyen morale boosted by 1 from 1 nearby crew
2025-03-28 22:12:13,187 - INFO - calling model.step for timestep 34 
2025-03-28 22:12:13,187 - INFO - Bob Nguyen morale boosted by 1 from 1 nearby crew
2025-03-28 22:12:13,188 - INFO - Alice Carter morale boosted by 1 from 1 nearby crew
2025-03-28 22:12:14,188 - INFO - calling model.step for timestep 35 
2025-03-28 22:12:14,189 - INFO - Alice Carter morale boosted by 1 from 1 nearby crew
2025-03-28 22:12:14,189 - INFO - Bob Nguyen morale boosted by 1 from 1 nearby crew
2025-03-28 22:12:15,190 - INFO - calling model.step for timestep 36 
2025-03-28 22:12:15,190 - INFO - Bob Nguyen morale boosted by 1 from 1 nearby crew
2025-03-28 22:12:15,190 - INFO - Alice Carter morale boosted by 1 from 1 nearby crew
2025-03-28 22:12:16,191 - INFO - calling model.step for timestep 37 
2025-03-28 22:12:16,192 - INFO - Alice Carter morale boosted by 1 from 1 nearby crew
2025-03-28 22:12:16,192 - INFO - Bob Nguyen morale boosted by 1 from 1 nearby crew
2025-03-28 22:12:17,192 - INFO - calling model.step for timestep 38 
2025-03-28 22:12:17,193 - INFO - Alice Carter morale boosted by 1 from 1 nearby crew
2025-03-28 22:12:17,201 - INFO - Bob Nguyen morale boosted by 1 from 1 nearby crew
2025-03-28 22:12:18,202 - INFO - calling model.step for timestep 39 
2025-03-28 22:12:18,202 - INFO - Bob Nguyen morale boosted by 1 from 1 nearby crew
2025-03-28 22:12:18,202 - INFO - Alice Carter morale boosted by 1 from 1 nearby crew
2025-03-28 22:12:19,203 - INFO - calling model.step for timestep 40 
2025-03-28 22:12:19,203 - INFO - Bob Nguyen morale boosted by 1 from 1 nearby crew
2025-03-28 22:12:19,204 - INFO - Alice Carter morale boosted by 1 from 1 nearby crew
2025-03-28 22:12:20,204 - INFO - calling model.step for timestep 41 
2025-03-28 22:12:20,205 - INFO - Bob Nguyen morale boosted by 1 from 1 nearby crew
2025-03-28 22:12:20,205 - INFO - Alice Carter morale boosted by 1 from 1 nearby crew
2025-03-28 22:12:21,205 - INFO - calling model.step for timestep 42 
2025-03-28 22:12:21,206 - INFO - Bob Nguyen morale boosted by 1 from 1 nearby crew
2025-03-28 22:12:21,206 - INFO - Alice Carter morale boosted by 1 from 1 nearby crew
2025-03-28 22:12:22,206 - INFO - calling model.step for timestep 43 
2025-03-28 22:12:22,206 - INFO - Bob Nguyen morale boosted by 1 from 1 nearby crew
2025-03-28 22:12:22,215 - INFO - Alice Carter morale boosted by 1 from 1 nearby crew
2025-03-28 22:12:23,216 - INFO - calling model.step for timestep 44 
2025-03-28 22:12:23,216 - INFO - Alice Carter morale boosted by 1 from 1 nearby crew
2025-03-28 22:12:23,216 - INFO - Bob Nguyen morale boosted by 1 from 1 nearby crew
2025-03-28 22:12:24,217 - INFO - calling model.step for timestep 45 
2025-03-28 22:12:24,217 - INFO - Bob Nguyen morale boosted by 1 from 1 nearby crew
2025-03-28 22:12:24,218 - INFO - Alice Carter morale boosted by 1 from 1 nearby crew
2025-03-28 22:12:25,218 - INFO - calling model.step for timestep 46 
2025-03-28 22:12:25,219 - INFO - Alice Carter morale boosted by 1 from 1 nearby crew
2025-03-28 22:12:25,219 - INFO - Bob Nguyen morale boosted by 1 from 1 nearby crew
2025-03-28 22:25:38,215 - INFO - Crew Alice Carter initialized at (1, 0, 0) with Health=85, Mood=75
2025-03-28 22:25:38,215 - INFO - Crew Bob Nguyen initialized at (1, 0, 0) with Health=90, Mood=80
2025-03-28 22:25:38,291 - INFO - calling model.step for timestep 1 
2025-03-28 22:25:38,291 - INFO - Alice Carter assigned task: Recalibrate Navigation at (1, 0, 0)
2025-03-28 22:25:38,291 - INFO - Alice Carter morale boosted by 1 from 1 nearby crew
2025-03-28 22:25:38,292 - INFO - Bob Nguyen assigned task: Negotiate with Aliens at (1, 1, 1)
2025-03-28 22:25:38,292 - INFO - Bob Nguyen moved to (1, 1, 0) toward Negotiate with Aliens
2025-03-28 22:25:38,292 - INFO - Bob Nguyen morale boosted by 1 from 1 nearby crew
2025-03-28 22:25:39,293 - INFO - calling model.step for timestep 2 
2025-03-28 22:25:39,293 - INFO - Bob Nguyen moved to (1, 1, 1) toward Negotiate with Aliens
2025-03-28 22:25:39,293 - INFO - Bob Nguyen morale boosted by 1 from 1 nearby crew
2025-03-28 22:25:39,294 - INFO - Alice Carter morale boosted by 1 from 1 nearby crew
2025-03-28 22:25:40,294 - INFO - calling model.step for timestep 3 
2025-03-28 22:25:40,295 - INFO - Alice Carter morale boosted by 1 from 1 nearby crew
2025-03-28 22:25:40,295 - INFO - Bob Nguyen morale boosted by 1 from 1 nearby crew
2025-03-28 22:25:41,295 - INFO - calling model.step for timestep 4 
2025-03-28 22:25:41,296 - INFO - Bob Nguyen morale boosted by 1 from 1 nearby crew
2025-03-28 22:25:41,296 - INFO - Alice Carter morale boosted by 1 from 1 nearby crew
2025-03-28 22:25:46,298 - INFO - calling model.step for timestep 5 
2025-03-28 22:25:46,298 - INFO - Alice Carter morale boosted by 1 from 1 nearby crew
2025-03-28 22:25:46,299 - INFO - Bob Nguyen morale boosted by 1 from 1 nearby crew
2025-03-28 22:25:47,300 - INFO - calling model.step for timestep 6 
2025-03-28 22:25:47,300 - INFO - Bob Nguyen morale boosted by 1 from 1 nearby crew
2025-03-28 22:25:47,300 - INFO - Alice Carter morale boosted by 1 from 1 nearby crew
2025-03-28 22:25:48,301 - INFO - calling model.step for timestep 7 
2025-03-28 22:25:48,301 - INFO - Bob Nguyen morale boosted by 1 from 1 nearby crew
2025-03-28 22:25:48,302 - INFO - Alice Carter morale boosted by 1 from 1 nearby crew
2025-03-28 22:30:18,175 - INFO - Crew Alice Carter initialized at (1, 0, 0) with Health=85, Mood=75
2025-03-28 22:30:18,175 - INFO - Crew Bob Nguyen initialized at (1, 0, 0) with Health=90, Mood=80
2025-03-28 22:30:18,249 - INFO - calling model.step for timestep 1 
2025-03-28 22:30:18,249 - INFO - Alice Carter assigned task: Routine Maintenance at (2, 5, 6)
2025-03-28 22:30:18,250 - INFO - Alice Carter moved to (2, 0, 0) toward Routine Maintenance
2025-03-28 22:30:18,250 - INFO - Alice Carter morale boosted by 0 from 0 nearby crew
2025-03-28 22:30:18,250 - INFO - Bob Nguyen assigned task: Recalibrate Navigation at (1, 0, 0)
2025-03-28 22:30:18,250 - INFO - Bob Nguyen morale boosted by 0 from 0 nearby crew
2025-03-28 22:30:19,251 - INFO - calling model.step for timestep 2 
2025-03-28 22:30:19,251 - INFO - Alice Carter moved to (2, 1, 0) toward Routine Maintenance
2025-03-28 22:30:19,252 - INFO - Alice Carter morale boosted by 0 from 0 nearby crew
2025-03-28 22:30:19,252 - INFO - Bob Nguyen morale boosted by 0 from 0 nearby crew
2025-03-28 22:30:20,253 - INFO - calling model.step for timestep 3 
2025-03-28 22:30:20,253 - INFO - Alice Carter moved to (2, 2, 0) toward Routine Maintenance
2025-03-28 22:30:20,253 - INFO - Alice Carter morale boosted by 0 from 0 nearby crew
2025-03-28 22:30:20,253 - INFO - Bob Nguyen morale boosted by 0 from 0 nearby crew
2025-03-28 22:30:21,254 - INFO - calling model.step for timestep 4 
2025-03-28 22:30:21,254 - INFO - Bob Nguyen morale boosted by 0 from 0 nearby crew
2025-03-28 22:30:21,255 - INFO - Alice Carter moved to (2, 3, 0) toward Routine Maintenance
2025-03-28 22:30:21,255 - INFO - Alice Carter morale boosted by 0 from 0 nearby crew
2025-03-28 22:30:22,256 - INFO - calling model.step for timestep 5 
2025-03-28 22:30:22,256 - INFO - Bob Nguyen morale boosted by 0 from 0 nearby crew
2025-03-28 22:30:22,256 - INFO - Alice Carter moved to (2, 4, 0) toward Routine Maintenance
2025-03-28 22:30:22,256 - INFO - Alice Carter morale boosted by 0 from 0 nearby crew
2025-03-28 22:30:23,257 - INFO - calling model.step for timestep 6 
2025-03-28 22:30:23,257 - INFO - Bob Nguyen morale boosted by 0 from 0 nearby crew
2025-03-28 22:30:23,258 - INFO - Alice Carter moved to (2, 5, 0) toward Routine Maintenance
2025-03-28 22:30:23,258 - INFO - Alice Carter morale boosted by 0 from 0 nearby crew
2025-03-28 22:30:24,259 - INFO - calling model.step for timestep 7 
2025-03-28 22:30:24,259 - INFO - Bob Nguyen morale boosted by 0 from 0 nearby crew
2025-03-28 22:30:24,259 - INFO - Alice Carter moved to (2, 5, 1) toward Routine Maintenance
2025-03-28 22:30:24,259 - INFO - Alice Carter morale boosted by 0 from 0 nearby crew
2025-03-28 22:30:25,259 - INFO - calling model.step for timestep 8 
2025-03-28 22:30:25,260 - INFO - Bob Nguyen morale boosted by 0 from 0 nearby crew
2025-03-28 22:30:25,260 - INFO - Alice Carter moved to (2, 5, 2) toward Routine Maintenance
2025-03-28 22:30:25,260 - INFO - Alice Carter morale boosted by 0 from 0 nearby crew
2025-03-28 22:30:26,261 - INFO - calling model.step for timestep 9 
2025-03-28 22:30:26,261 - INFO - Bob Nguyen morale boosted by 0 from 0 nearby crew
2025-03-28 22:30:26,261 - INFO - Alice Carter moved to (2, 5, 3) toward Routine Maintenance
2025-03-28 22:30:26,261 - INFO - Alice Carter morale boosted by 0 from 0 nearby crew
2025-03-28 22:30:27,262 - INFO - calling model.step for timestep 10 
2025-03-28 22:30:27,262 - INFO - Alice Carter moved to (2, 5, 4) toward Routine Maintenance
2025-03-28 22:30:27,262 - INFO - Alice Carter morale boosted by 0 from 0 nearby crew
2025-03-28 22:30:27,262 - INFO - Bob Nguyen morale boosted by 0 from 0 nearby crew
